<?xml version="1.0" encoding="UTF-8"?>
<!-- Generated by org.testng.reporters.JUnitXMLReporter -->
<testsuite hostname="Admin-PC" ignored="0" name="Test" tests="1" failures="1" timestamp="2021-02-20T16:50:01 IST" time="0.118" errors="0">
  <testcase name="loginData" time="0.013" classname="Revision.ZZRevise.Login">
    <failure type="java.lang.NullPointerException">
      <![CDATA[java.lang.NullPointerException
at Revision.ZZRevise.Login.loginData(Login.java:26)
at java.util.ArrayList.forEach(ArrayList.java:1257)
... Removed 27 stack frames]]>
    </failure>
  </testcase> <!-- loginData -->
</testsuite> <!-- Test -->
